<?xml version="1.0" encoding="UTF-8"?>
<!-- Generated by org.testng.reporters.JUnitReportReporter -->
<testsuite hostname="DESKTOP-21LI39N" failures="0" tests="1" name="org.flipkart.AddGoods.ProductCart" time="12.108" errors="0" timestamp="2022-09-20T16:06:45 IST" skipped="0">
  <testcase classname="org.flipkart.AddGoods.ProductCart" name="addProductCart" time="12.108"/>
  <system-out>
    <![CDATA[Validation Successfull]]>
  </system-out>
</testsuite> <!-- org.flipkart.AddGoods.ProductCart -->
